Using pre-set license
Built from '2020.2/release' branch; Version is '2020.2.1f1 (270dd8c3da1c) revision 2559448'; Using compiler version '192528614'; Build Type 'Release'
OS: 'Windows 10  (10.0.0) 64bit' Language: 'pt' Physical Memory: 16318 MB
BatchMode: 1, IsHumanControllingUs: 0, StartBugReporterOnCrash: 0, Is64bit: 1, IsPro: 0

 COMMAND LINE ARGUMENTS:
D:\unity\2020.2.1f1\Editor\Unity.exe
-adb2
-batchMode
-noUpm
-name
AssetImportWorker0
-projectPath
D:/unity/Games/eldritch beings/Eldritch-Beings
-logFile
Logs/AssetImportWorker0.log
-srvPort
52419
Successfully changed project path to: D:/unity/Games/eldritch beings/Eldritch-Beings
D:/unity/Games/eldritch beings/Eldritch-Beings
Using Asset Import Pipeline V2.
Refreshing native plugins compatible for Editor in 58.97 ms, found 1 plugins.
Preloading 0 native plugins for Editor in 0.00 ms.
Initialize engine version: 2020.2.1f1 (270dd8c3da1c)
[Subsystems] Discovering subsystems at path D:/unity/2020.2.1f1/Editor/Data/Resources/UnitySubsystems
[Subsystems] Discovering subsystems at path D:/unity/Games/eldritch beings/Eldritch-Beings/Assets
GfxDevice: creating device client; threaded=0
Direct3D:
    Version:  Direct3D 11.0 [level 11.1]
    Renderer: NVIDIA GeForce RTX 2060 SUPER (ID=0x1f06)
    Vendor:   
    VRAM:     8031 MB
    Driver:   30.0.14.7168
Initialize mono
Mono path[0] = 'D:/unity/2020.2.1f1/Editor/Data/Managed'
Mono path[1] = 'D:/unity/2020.2.1f1/Editor/Data/MonoBleedingEdge/lib/mono/unityjit'
Mono config path = 'D:/unity/2020.2.1f1/Editor/Data/MonoBleedingEdge/etc'
Using monoOptions --debugger-agent=transport=dt_socket,embedding=1,server=y,suspend=n,address=127.0.0.1:56140
Begin MonoManager ReloadAssembly
Registering precompiled unity dll's ...
Register platform support module: D:/unity/2020.2.1f1/Editor/Data/PlaybackEngines/WebGLSupport/UnityEditor.WebGL.Extensions.dll
Register platform support module: D:/unity/2020.2.1f1/Editor/Data/PlaybackEngines/WindowsStandaloneSupport/UnityEditor.WindowsStandalone.Extensions.dll
Register platform support module: D:/unity/2020.2.1f1/Editor/Data/PlaybackEngines/LinuxStandaloneSupport/UnityEditor.LinuxStandalone.Extensions.dll
Registered in 0.002624 seconds.
Native extension for LinuxStandalone target not found
Native extension for WindowsStandalone target not found
Native extension for WebGL target not found
Refreshing native plugins compatible for Editor in 63.32 ms, found 1 plugins.
Preloading 0 native plugins for Editor in 0.00 ms.
Invoked RoslynAnalysisRunner static constructor.
RoslynAnalysisRunner will not be running.
RoslynAnalysisRunner has terminated.
Mono: successfully reloaded assembly
- Completed reload, in  2.721 seconds
Platform modules already initialized, skipping
Registering precompiled user dll's ...
Registered in 0.002171 seconds.
Begin MonoManager ReloadAssembly
Native extension for LinuxStandalone target not found
Native extension for WindowsStandalone target not found
Native extension for WebGL target not found
Refreshing native plugins compatible for Editor in 82.29 ms, found 1 plugins.
Preloading 0 native plugins for Editor in 0.00 ms.
Invoked RoslynAnalysisRunner static constructor.
RoslynAnalysisRunner will not be running.
RoslynAnalysisRunner has terminated.
Mono: successfully reloaded assembly
- Completed reload, in  2.063 seconds
Platform modules already initialized, skipping
========================================================================
Worker process is ready to serve import requests
Shader 'Universal Render Pipeline/Particles/Lit': fallback shader 'Universal Render Pipeline/Particles/SimpleLit' not found
Shader 'Universal Render Pipeline/Particles/Lit': fallback shader 'Universal Render Pipeline/Particles/SimpleLit' not found
Launched and connected shader compiler UnityShaderCompiler.exe after 0.03 seconds
Refreshing native plugins compatible for Editor in 0.95 ms, found 1 plugins.
Preloading 0 native plugins for Editor in 0.00 ms.
Unloading 3225 Unused Serialized files (Serialized files now loaded: 0)
System memory in use before: 142.8 MB.
System memory in use after: 140.9 MB.

Unloading 54 unused Assets to reduce memory usage. Loaded Objects now: 3641.
Total: 4.988800 ms (FindLiveObjects: 0.360400 ms CreateObjectMapping: 0.266000 ms MarkObjects: 2.707300 ms  DeleteObjects: 1.653000 ms)

========================================================================
Received Import Request.
  path: Assets/Scripts/Player/PlayerMovement.cs
  artifactKey: Guid(b7cb24d67439b984aacb5a030c0c64ec) Importer(815301076,1909f56bfc062723c751e8b465ee728b)
Start importing Assets/Scripts/Player/PlayerMovement.cs using Guid(b7cb24d67439b984aacb5a030c0c64ec) Importer(815301076,1909f56bfc062723c751e8b465ee728b)  -> (artifact id: 'c930ab79557c8689e8d9e883a6ab12b0') in 0.052173 seconds
  Import took 0.062101 seconds .

========================================================================
Received Import Request.
  Time since last request: 0.000198 seconds.
  path: Assets/Scripts/Player/PlayerAimWeapon.cs
  artifactKey: Guid(c09633c7f6b80114e80a92bbf736a32c) Importer(815301076,1909f56bfc062723c751e8b465ee728b)
Start importing Assets/Scripts/Player/PlayerAimWeapon.cs using Guid(c09633c7f6b80114e80a92bbf736a32c) Importer(815301076,1909f56bfc062723c751e8b465ee728b)  -> (artifact id: 'd726660a68c71edb7af5e0ea99b85334') in 0.002676 seconds
  Import took 0.010715 seconds .

========================================================================
Received Import Request.
  Time since last request: 45.522250 seconds.
  path: Assets/Scripts/Interactables/InteractWithObject.cs
  artifactKey: Guid(f5faef723d625744089e95dc6fcfff99) Importer(815301076,1909f56bfc062723c751e8b465ee728b)
Start importing Assets/Scripts/Interactables/InteractWithObject.cs using Guid(f5faef723d625744089e95dc6fcfff99) Importer(815301076,1909f56bfc062723c751e8b465ee728b)  -> (artifact id: '1ebf85b9ddbf123506df0272c9c4c103') in 0.002127 seconds
  Import took 0.006821 seconds .

========================================================================
Received Import Request.
  Time since last request: 21.325630 seconds.
  path: Assets/Images/testingStuff/Jerso Testing
  artifactKey: Guid(cd3761c3ef338244b8b0bb22964dd70f) Importer(815301076,1909f56bfc062723c751e8b465ee728b)
Start importing Assets/Images/testingStuff/Jerso Testing using Guid(cd3761c3ef338244b8b0bb22964dd70f) Importer(815301076,1909f56bfc062723c751e8b465ee728b)  -> (artifact id: '4fee3ee5e5f94e4160a9cbbf5bc4f60c') in 0.002190 seconds
  Import took 0.006930 seconds .

========================================================================
Received Import Request.
  Time since last request: 0.000347 seconds.
  path: Assets/Images/testingStuff/Jerso Testing
  artifactKey: Guid(cd3761c3ef338244b8b0bb22964dd70f) Importer(815301076,1909f56bfc062723c751e8b465ee728b)
Start importing Assets/Images/testingStuff/Jerso Testing using Guid(cd3761c3ef338244b8b0bb22964dd70f) Importer(815301076,1909f56bfc062723c751e8b465ee728b)  -> (artifact id: '4fee3ee5e5f94e4160a9cbbf5bc4f60c') in 0.002209 seconds
  Import took 0.007519 seconds .

========================================================================
Received Import Request.
  Time since last request: 0.044559 seconds.
  path: Assets/Images/testingStuff/Jerso Testing/animalHead1.png
  artifactKey: Guid(24977f059036cae4491c66ade7c67f05) Importer(815301076,1909f56bfc062723c751e8b465ee728b)
Start importing Assets/Images/testingStuff/Jerso Testing/animalHead1.png using Guid(24977f059036cae4491c66ade7c67f05) Importer(815301076,1909f56bfc062723c751e8b465ee728b)  -> (artifact id: '3b17708be95cf44dd697100604956243') in 0.150374 seconds
  Import took 0.155062 seconds .

========================================================================
Received Import Request.
  Time since last request: 0.000273 seconds.
  path: Assets/Images/testingStuff/Jerso Testing/doorClosed.png
  artifactKey: Guid(310191e4ad38c51489490a9466d22f04) Importer(815301076,1909f56bfc062723c751e8b465ee728b)
Start importing Assets/Images/testingStuff/Jerso Testing/doorClosed.png using Guid(310191e4ad38c51489490a9466d22f04) Importer(815301076,1909f56bfc062723c751e8b465ee728b)  -> (artifact id: 'f29c93109eb11e582593d80ae2bd44cb') in 0.044974 seconds
  Import took 0.064921 seconds .

========================================================================
Received Import Request.
  Time since last request: 0.000309 seconds.
  path: Assets/Images/testingStuff/Jerso Testing/interactableIcon.png
  artifactKey: Guid(3debee2bfed9703428c61aa08ac4407b) Importer(815301076,1909f56bfc062723c751e8b465ee728b)
Start importing Assets/Images/testingStuff/Jerso Testing/interactableIcon.png using Guid(3debee2bfed9703428c61aa08ac4407b) Importer(815301076,1909f56bfc062723c751e8b465ee728b)  -> (artifact id: 'c3db620ca734d91a8cefea09b4650c40') in 0.027945 seconds
  Import took 0.032635 seconds .

========================================================================
Received Import Request.
  Time since last request: 0.000198 seconds.
  path: Assets/Images/testingStuff/Jerso Testing/corridorApparition.png
  artifactKey: Guid(751ab240cff1d064fb6d46b70cb54de9) Importer(815301076,1909f56bfc062723c751e8b465ee728b)
Start importing Assets/Images/testingStuff/Jerso Testing/corridorApparition.png using Guid(751ab240cff1d064fb6d46b70cb54de9) Importer(815301076,1909f56bfc062723c751e8b465ee728b)  -> (artifact id: 'a6a7ef51989207b42d01a7e957da7100') in 0.039354 seconds
  Import took 0.044092 seconds .

========================================================================
Received Import Request.
  Time since last request: 0.000260 seconds.
  path: Assets/Images/testingStuff/Jerso Testing/secretDoor.png
  artifactKey: Guid(fba28b467299fe74c9cf87e9a4a4df9c) Importer(815301076,1909f56bfc062723c751e8b465ee728b)
Start importing Assets/Images/testingStuff/Jerso Testing/secretDoor.png using Guid(fba28b467299fe74c9cf87e9a4a4df9c) Importer(815301076,1909f56bfc062723c751e8b465ee728b)  -> (artifact id: 'a2243e191197dcac7546eb34a3882dd5') in 0.035419 seconds
  Import took 0.040182 seconds .

========================================================================
Received Import Request.
  Time since last request: 0.000269 seconds.
  path: Assets/Images/testingStuff/Jerso Testing/noteVisual.png
  artifactKey: Guid(9a6c2c5bfefc30d4d8c50c56b3bd20d3) Importer(815301076,1909f56bfc062723c751e8b465ee728b)
Start importing Assets/Images/testingStuff/Jerso Testing/noteVisual.png using Guid(9a6c2c5bfefc30d4d8c50c56b3bd20d3) Importer(815301076,1909f56bfc062723c751e8b465ee728b)  -> (artifact id: '49b978d4a5d32bfc20ff2cbaee3b36ff') in 0.118015 seconds
  Import took 0.122892 seconds .

========================================================================
Received Import Request.
  Time since last request: 0.000186 seconds.
  path: Assets/Images/testingStuff/Jerso Testing/SwitchOn.png
  artifactKey: Guid(600119053ff6b8c42934939cca39007b) Importer(815301076,1909f56bfc062723c751e8b465ee728b)
Start importing Assets/Images/testingStuff/Jerso Testing/SwitchOn.png using Guid(600119053ff6b8c42934939cca39007b) Importer(815301076,1909f56bfc062723c751e8b465ee728b)  -> (artifact id: '00584a5fac62bc6023d707d439883351') in 0.060335 seconds
  Import took 0.064944 seconds .

========================================================================
Received Import Request.
  Time since last request: 0.000293 seconds.
  path: Assets/Images/testingStuff/Jerso Testing/UIScaryFX.png
  artifactKey: Guid(36ff8471b464b9a4dbae5388acc31c49) Importer(815301076,1909f56bfc062723c751e8b465ee728b)
Start importing Assets/Images/testingStuff/Jerso Testing/UIScaryFX.png using Guid(36ff8471b464b9a4dbae5388acc31c49) Importer(815301076,1909f56bfc062723c751e8b465ee728b)  -> (artifact id: '55ba8e646eb53ad7f9c2f2a646b5918e') in 0.093341 seconds
  Import took 0.098246 seconds .

========================================================================
Received Import Request.
  Time since last request: 0.000163 seconds.
  path: Assets/Images/testingStuff/Jerso Testing/toppng.com-golden-bell-433x600.png
  artifactKey: Guid(68f6013472c2fc2428806764ca820fbb) Importer(815301076,1909f56bfc062723c751e8b465ee728b)
Start importing Assets/Images/testingStuff/Jerso Testing/toppng.com-golden-bell-433x600.png using Guid(68f6013472c2fc2428806764ca820fbb) Importer(815301076,1909f56bfc062723c751e8b465ee728b)  -> (artifact id: '747be2b08dbf2f4418c410e2f155a22c') in 0.058249 seconds
  Import took 0.063065 seconds .

========================================================================
Received Import Request.
  Time since last request: 0.000184 seconds.
  path: Assets/Images/testingStuff/Jerso Testing/SwitchOff.png
  artifactKey: Guid(00311afc54ec6c048a4b0aee1f86832f) Importer(815301076,1909f56bfc062723c751e8b465ee728b)
Start importing Assets/Images/testingStuff/Jerso Testing/SwitchOff.png using Guid(00311afc54ec6c048a4b0aee1f86832f) Importer(815301076,1909f56bfc062723c751e8b465ee728b)  -> (artifact id: 'fcfb93611892e1abcf54b7c55ca8c2c6') in 0.054436 seconds
  Import took 0.059175 seconds .

========================================================================
Received Import Request.
  Time since last request: 0.000247 seconds.
  path: Assets/Images/testingStuff/Jerso Testing/doorOpen.png
  artifactKey: Guid(b9feca1d7a75abe4b8eaf7a19a3ba69a) Importer(815301076,1909f56bfc062723c751e8b465ee728b)
Start importing Assets/Images/testingStuff/Jerso Testing/doorOpen.png using Guid(b9feca1d7a75abe4b8eaf7a19a3ba69a) Importer(815301076,1909f56bfc062723c751e8b465ee728b)  -> (artifact id: 'd45a98754ac5baf053817fab94b0ccaa') in 0.034945 seconds
  Import took 0.039287 seconds .

========================================================================
Received Import Request.
  Time since last request: 0.000234 seconds.
  path: Assets/Images/testingStuff/Jerso Testing/wallMonster.png
  artifactKey: Guid(d1e6c84e4e9adde43bbfb88b447bc490) Importer(815301076,1909f56bfc062723c751e8b465ee728b)
Start importing Assets/Images/testingStuff/Jerso Testing/wallMonster.png using Guid(d1e6c84e4e9adde43bbfb88b447bc490) Importer(815301076,1909f56bfc062723c751e8b465ee728b)  -> (artifact id: '83398434e10a238cd95b5c676a711e37') in 0.034500 seconds
  Import took 0.038936 seconds .

========================================================================
Received Import Request.
  Time since last request: 0.000316 seconds.
  path: Assets/Images/testingStuff/Jerso Testing/bookcase.png
  artifactKey: Guid(e73941e27716ecd45b85769cda3fef46) Importer(815301076,1909f56bfc062723c751e8b465ee728b)
Start importing Assets/Images/testingStuff/Jerso Testing/bookcase.png using Guid(e73941e27716ecd45b85769cda3fef46) Importer(815301076,1909f56bfc062723c751e8b465ee728b)  -> (artifact id: '14fe7889714ef1713e10a3c5ae042643') in 0.075196 seconds
  Import took 0.079578 seconds .

========================================================================
Received Import Request.
  Time since last request: 0.000234 seconds.
  path: Assets/Images/testingStuff/Jerso Testing/animalHead1Activated.png
  artifactKey: Guid(dc06c3042990d8f4291b164f69eba511) Importer(815301076,1909f56bfc062723c751e8b465ee728b)
Start importing Assets/Images/testingStuff/Jerso Testing/animalHead1Activated.png using Guid(dc06c3042990d8f4291b164f69eba511) Importer(815301076,1909f56bfc062723c751e8b465ee728b)  -> (artifact id: 'e3974d92555060f1323c5a00828f9556') in 0.061052 seconds
  Import took 0.065365 seconds .

========================================================================
Received Import Request.
  Time since last request: 0.000159 seconds.
  path: Assets/Images/testingStuff/Jerso Testing/courtyardEntity.png
  artifactKey: Guid(aa1c00eddb847604ab09f1de76668335) Importer(815301076,1909f56bfc062723c751e8b465ee728b)
Start importing Assets/Images/testingStuff/Jerso Testing/courtyardEntity.png using Guid(aa1c00eddb847604ab09f1de76668335) Importer(815301076,1909f56bfc062723c751e8b465ee728b)  -> (artifact id: '1fa8ae7ec1fde015e15257a2f114a0f0') in 0.041645 seconds
  Import took 0.046286 seconds .

