Using pre-set license
Built from '2020.2/release' branch; Version is '2020.2.1f1 (270dd8c3da1c) revision 2559448'; Using compiler version '192528614'; Build Type 'Release'

OS: 'Windows 10  (10.0.0) 64bit' Language: 'pt' Physical Memory: 16318 MB
BatchMode: 1, IsHumanControllingUs: 0, StartBugReporterOnCrash: 0, Is64bit: 1, IsPro: 0
 COMMAND LINE ARGUMENTS:
D:\unity\2020.2.1f1\Editor\Unity.exe
-adb2
-batchMode
-noUpm
-name
AssetImportWorker0
-projectPath

D:/unity/Games/eldritch beings/Eldritch-Beings
-logFile
Logs/AssetImportWorker0.log
-srvPort

60328
Successfully changed project path to: D:/unity/Games/eldritch beings/Eldritch-Beings
D:/unity/Games/eldritch beings/Eldritch-Beings
Using Asset Import Pipeline V2.
Refreshing native plugins compatible for Editor in 52.31 ms, found 1 plugins.
Preloading 0 native plugins for Editor in 0.00 ms.
Initialize engine version: 2020.2.1f1 (270dd8c3da1c)
[Subsystems] Discovering subsystems at path D:/unity/2020.2.1f1/Editor/Data/Resources/UnitySubsystems
[Subsystems] Discovering subsystems at path D:/unity/Games/eldritch beings/Eldritch-Beings/Assets
GfxDevice: creating device client; threaded=0
Direct3D:
    Version:  Direct3D 11.0 [level 11.1]
    Renderer: NVIDIA GeForce RTX 2060 SUPER (ID=0x1f06)
    Vendor:   
    VRAM:     8031 MB
    Driver:   30.0.14.7168
Initialize mono

Mono path[0] = 'D:/unity/2020.2.1f1/Editor/Data/Managed'
Mono path[1] = 'D:/unity/2020.2.1f1/Editor/Data/MonoBleedingEdge/lib/mono/unityjit'
Mono config path = 'D:/unity/2020.2.1f1/Editor/Data/MonoBleedingEdge/etc'
Using monoOptions --debugger-agent=transport=dt_socket,embedding=1,server=y,suspend=n,address=127.0.0.1:56184
Begin MonoManager ReloadAssembly
Registering precompiled unity dll's ...
Register platform support module: D:/unity/2020.2.1f1/Editor/Data/PlaybackEngines/WebGLSupport/UnityEditor.WebGL.Extensions.dll
Register platform support module: D:/unity/2020.2.1f1/Editor/Data/PlaybackEngines/WindowsStandaloneSupport/UnityEditor.WindowsStandalone.Extensions.dll
Register platform support module: D:/unity/2020.2.1f1/Editor/Data/PlaybackEngines/LinuxStandaloneSupport/UnityEditor.LinuxStandalone.Extensions.dll
Registered in 0.001855 seconds.
Native extension for LinuxStandalone target not found
Native extension for WindowsStandalone target not found
Native extension for WebGL target not found
Refreshing native plugins compatible for Editor in 51.85 ms, found 1 plugins.

Preloading 0 native plugins for Editor in 0.00 ms.
Invoked RoslynAnalysisRunner static constructor.
RoslynAnalysisRunner will not be running.
RoslynAnalysisRunner has terminated.
Mono: successfully reloaded assembly

- Completed reload, in  2.425 seconds
Platform modules already initialized, skipping
Registering precompiled user dll's ...
Registered in 0.001510 seconds.

Begin MonoManager ReloadAssembly
Native extension for LinuxStandalone target not found
Native extension for WindowsStandalone target not found

Native extension for WebGL target not found
Refreshing native plugins compatible for Editor in 57.23 ms, found 1 plugins.

Preloading 0 native plugins for Editor in 0.00 ms.
Invoked RoslynAnalysisRunner static constructor.
RoslynAnalysisRunner will not be running.
RoslynAnalysisRunner has terminated.
Mono: successfully reloaded assembly

- Completed reload, in  1.679 seconds

Platform modules already initialized, skipping

Worker process is ready to serve import requests
Shader 'Universal Render Pipeline/Particles/Lit': fallback shader 'Universal Render Pipeline/Particles/SimpleLit' not found


Received Import Request.
  path: Assets/Scripts/Interactables/Endless Corridor/SecretDoorManager.cs
  artifactKey: Guid(92f864403d137ec4c972670b550ea6c4) Importer(815301076,1909f56bfc062723c751e8b465ee728b)
Start importing Assets/Scripts/Interactables/Endless Corridor/SecretDoorManager.cs using Guid(92f864403d137ec4c972670b550ea6c4) Importer(815301076,1909f56bfc062723c751e8b465ee728b)  -> (artifact id: '1817e91a133d911e27cdab2ffa84e88d') in 0.119656 seconds
  Import took 0.166316 seconds .


Received Import Request.
  Time since last request: 0.000411 seconds.
  path: Assets/Scripts/Interactables/Endless Corridor/FakeDoor.cs
  artifactKey: Guid(04c9779280f3476429cefb94e781c6f2) Importer(815301076,1909f56bfc062723c751e8b465ee728b)
Start importing Assets/Scripts/Interactables/Endless Corridor/FakeDoor.cs using Guid(04c9779280f3476429cefb94e781c6f2) Importer(815301076,1909f56bfc062723c751e8b465ee728b)  -> (artifact id: 'c259b35a7ebe6ec8684a5ddb90cff521') in 0.004343 seconds
  Import took 0.033120 seconds .


Received Prepare
Registering precompiled user dll's ...
Registered in 0.004618 seconds.
Begin MonoManager ReloadAssembly
Native extension for WindowsStandalone target not found

Refreshing native plugins compatible for Editor in 1.04 ms, found 1 plugins.
Preloading 0 native plugins for Editor in 0.00 ms.
Unloading 3160 Unused Serialized files (Serialized files now loaded: 0)
System memory in use before: 141.4 MB.
System memory in use after: 141.6 MB.


Received Import Request.
  Time since last request: 528.986157 seconds.
  path: Assets/Scripts/Interactables/Openable.cs
  artifactKey: Guid(fb122d0a49f5a114795c10454ee645da) Importer(815301076,1909f56bfc062723c751e8b465ee728b)
Start importing Assets/Scripts/Interactables/Openable.cs using Guid(fb122d0a49f5a114795c10454ee645da) Importer(815301076,1909f56bfc062723c751e8b465ee728b)  -> (artifact id: '5e4fe33bb974aa6c0227e3d786da68ee') in 0.013360 seconds
  Import took 0.058879 seconds .


Received Import Request.
  path: Assets/Scripts/Interactables/Library/BookcaseScript.cs
  artifactKey: Guid(66ee49938c9acbe43bb5ccd5cd1138ec) Importer(815301076,1909f56bfc062723c751e8b465ee728b)
Start importing Assets/Scripts/Interactables/Library/BookcaseScript.cs using Guid(66ee49938c9acbe43bb5ccd5cd1138ec) Importer(815301076,1909f56bfc062723c751e8b465ee728b)  -> (artifact id: '87e91261955d3a1803c1cf20a6a657a8') in 0.598156 seconds
  Import took 0.672439 seconds .


Received Prepare
Registering precompiled user dll's ...
Registered in 0.011116 seconds.
Begin MonoManager ReloadAssembly
Native extension for WindowsStandalone target not found

Refreshing native plugins compatible for Editor in 1.09 ms, found 1 plugins.
Preloading 0 native plugins for Editor in 0.00 ms.
Invoked RoslynAnalysisRunner static constructor.
RoslynAnalysisRunner will not be running.
RoslynAnalysisRunner has terminated.
Mono: successfully reloaded assembly
- Completed reload, in  3.245 seconds
Platform modules already initialized, skipping
Shader 'Universal Render Pipeline/Particles/Lit': fallback shader 'Universal Render Pipeline/Particles/SimpleLit' not found
Refreshing native plugins compatible for Editor in 0.98 ms, found 1 plugins.
Preloading 0 native plugins for Editor in 0.00 ms.
Unloading 2877 Unused Serialized files (Serialized files now loaded: 0)
System memory in use before: 126.6 MB.
System memory in use after: 126.8 MB.

Unloading 9 unused Assets to reduce memory usage. Loaded Objects now: 3457.
Total: 4.699700 ms (FindLiveObjects: 0.747100 ms CreateObjectMapping: 0.219600 ms MarkObjects: 3.699800 ms  DeleteObjects: 0.030700 ms)

Received Prepare
Registering precompiled user dll's ...
Registered in 0.005077 seconds.
Begin MonoManager ReloadAssembly
Native extension for WindowsStandalone target not found
Refreshing native plugins compatible for Editor in 0.87 ms, found 1 plugins.

Preloading 0 native plugins for Editor in 0.00 ms.
Invoked RoslynAnalysisRunner static constructor.
RoslynAnalysisRunner will not be running.
RoslynAnalysisRunner has terminated.
Mono: successfully reloaded assembly
- Completed reload, in  3.940 seconds
Platform modules already initialized, skipping
Shader 'Universal Render Pipeline/Particles/Lit': fallback shader 'Universal Render Pipeline/Particles/SimpleLit' not found
Refreshing native plugins compatible for Editor in 1.06 ms, found 1 plugins.
Preloading 0 native plugins for Editor in 0.00 ms.
Unloading 3028 Unused Serialized files (Serialized files now loaded: 0)
System memory in use before: 134.8 MB.
System memory in use after: 135.0 MB.

Unloading 10 unused Assets to reduce memory usage. Loaded Objects now: 3611.
Total: 5.752200 ms (FindLiveObjects: 0.758200 ms CreateObjectMapping: 0.268700 ms MarkObjects: 4.689100 ms  DeleteObjects: 0.034200 ms)


Received Import Request.

  Time since last request: 171.609327 seconds.
  path: Assets/Scripts/Interactables/Endless Corridor/WallMonsterScript.cs
  artifactKey: Guid(e5067a744e8ff304da88c1fdec6da492) Importer(815301076,1909f56bfc062723c751e8b465ee728b)
Start importing Assets/Scripts/Interactables/Endless Corridor/WallMonsterScript.cs using Guid(e5067a744e8ff304da88c1fdec6da492) Importer(815301076,1909f56bfc062723c751e8b465ee728b)  -> (artifact id: '4f7ddbd3518ddc5a021baa847d6d87cd') in 0.013860 seconds
  Import took 0.087522 seconds .


Received Prepare
Registering precompiled user dll's ...
Registered in 0.004576 seconds.
Begin MonoManager ReloadAssembly
Native extension for WindowsStandalone target not found
Refreshing native plugins compatible for Editor in 0.92 ms, found 1 plugins.
Preloading 0 native plugins for Editor in 0.00 ms.
Invoked RoslynAnalysisRunner static constructor.
RoslynAnalysisRunner will not be running.
RoslynAnalysisRunner has terminated.
Mono: successfully reloaded assembly
- Completed reload, in  3.040 seconds
Platform modules already initialized, skipping
Shader 'Universal Render Pipeline/Particles/Lit': fallback shader 'Universal Render Pipeline/Particles/SimpleLit' not found
Refreshing native plugins compatible for Editor in 1.03 ms, found 1 plugins.
Preloading 0 native plugins for Editor in 0.00 ms.
Unloading 2878 Unused Serialized files (Serialized files now loaded: 0)
System memory in use before: 126.7 MB.
System memory in use after: 126.9 MB.

Unloading 9 unused Assets to reduce memory usage. Loaded Objects now: 3464.
Total: 4.661400 ms (FindLiveObjects: 0.594500 ms CreateObjectMapping: 0.185000 ms MarkObjects: 3.846900 ms  DeleteObjects: 0.033100 ms)


Received Prepare
Registering precompiled user dll's ...
Registered in 0.011239 seconds.
Begin MonoManager ReloadAssembly
Native extension for WindowsStandalone target not found
Refreshing native plugins compatible for Editor in 2.09 ms, found 1 plugins.
Preloading 0 native plugins for Editor in 0.00 ms.
Invoked RoslynAnalysisRunner static constructor.
RoslynAnalysisRunner will not be running.
RoslynAnalysisRunner has terminated.
Mono: successfully reloaded assembly
- Completed reload, in  4.416 seconds
Platform modules already initialized, skipping
Shader 'Universal Render Pipeline/Particles/Lit': fallback shader 'Universal Render Pipeline/Particles/SimpleLit' not found
Refreshing native plugins compatible for Editor in 1.42 ms, found 1 plugins.
Preloading 0 native plugins for Editor in 0.00 ms.
Unloading 3029 Unused Serialized files (Serialized files now loaded: 0)
System memory in use before: 134.9 MB.
System memory in use after: 135.1 MB.

Unloading 10 unused Assets to reduce memory usage. Loaded Objects now: 3615.
Total: 4.413400 ms (FindLiveObjects: 0.653000 ms CreateObjectMapping: 0.185600 ms MarkObjects: 3.538700 ms  DeleteObjects: 0.034400 ms)

Received Import Request.

  Time since last request: 392.290801 seconds.
  path: Assets/Scripts/Interactables/Endless Corridor/WallMonsterScript.cs
  artifactKey: Guid(e5067a744e8ff304da88c1fdec6da492) Importer(815301076,1909f56bfc062723c751e8b465ee728b)
Start importing Assets/Scripts/Interactables/Endless Corridor/WallMonsterScript.cs using Guid(e5067a744e8ff304da88c1fdec6da492) Importer(815301076,1909f56bfc062723c751e8b465ee728b)  -> (artifact id: '96d8e6e2664082412c86b6dfaaaf5152') in 0.010533 seconds
  Import took 0.054595 seconds .

Received Import Request.
  Time since last request: 7.749105 seconds.
  path: Assets/Scripts/Player/CroshairPosition.cs
  artifactKey: Guid(3a49608cbbfa9704ebe21680fd52c9b2) Importer(815301076,1909f56bfc062723c751e8b465ee728b)
Start importing Assets/Scripts/Player/CroshairPosition.cs using Guid(3a49608cbbfa9704ebe21680fd52c9b2) Importer(815301076,1909f56bfc062723c751e8b465ee728b)  -> (artifact id: 'f8dc8709dae7337f7d42b0180dcecec3') in 0.007742 seconds
  Import took 0.029517 seconds .

Received Prepare
Registering precompiled user dll's ...
Registered in 0.006719 seconds.
Begin MonoManager ReloadAssembly
Native extension for WindowsStandalone target not found
Refreshing native plugins compatible for Editor in 1.04 ms, found 1 plugins.
Preloading 0 native plugins for Editor in 0.00 ms.
Invoked RoslynAnalysisRunner static constructor.
RoslynAnalysisRunner will not be running.
RoslynAnalysisRunner has terminated.
Mono: successfully reloaded assembly
- Completed reload, in  3.967 seconds
Platform modules already initialized, skipping
Shader 'Universal Render Pipeline/Particles/Lit': fallback shader 'Universal Render Pipeline/Particles/SimpleLit' not found
Refreshing native plugins compatible for Editor in 1.08 ms, found 1 plugins.
Preloading 0 native plugins for Editor in 0.00 ms.
Unloading 3029 Unused Serialized files (Serialized files now loaded: 0)
System memory in use before: 134.9 MB.
System memory in use after: 135.1 MB.

Unloading 10 unused Assets to reduce memory usage. Loaded Objects now: 3618.
Total: 6.281400 ms (FindLiveObjects: 0.776400 ms CreateObjectMapping: 0.289600 ms MarkObjects: 5.141000 ms  DeleteObjects: 0.040000 ms)

Received Prepare
Registering precompiled user dll's ...
Registered in 0.005940 seconds.
Begin MonoManager ReloadAssembly
Native extension for WindowsStandalone target not found
Refreshing native plugins compatible for Editor in 0.92 ms, found 1 plugins.
Preloading 0 native plugins for Editor in 0.00 ms.
Invoked RoslynAnalysisRunner static constructor.
RoslynAnalysisRunner will not be running.
RoslynAnalysisRunner has terminated.
Mono: successfully reloaded assembly
- Completed reload, in  3.037 seconds
Platform modules already initialized, skipping
Shader 'Universal Render Pipeline/Particles/Lit': fallback shader 'Universal Render Pipeline/Particles/SimpleLit' not found
Refreshing native plugins compatible for Editor in 1.00 ms, found 1 plugins.
Preloading 0 native plugins for Editor in 0.00 ms.
Unloading 2878 Unused Serialized files (Serialized files now loaded: 0)
System memory in use before: 126.7 MB.
System memory in use after: 127.0 MB.

Unloading 9 unused Assets to reduce memory usage. Loaded Objects now: 3473.
Total: 5.169400 ms (FindLiveObjects: 0.717500 ms CreateObjectMapping: 0.214800 ms MarkObjects: 4.202100 ms  DeleteObjects: 0.032900 ms)


Received Prepare
Registering precompiled user dll's ...
Registered in 0.007943 seconds.
Begin MonoManager ReloadAssembly
Native extension for WindowsStandalone target not found
Refreshing native plugins compatible for Editor in 1.18 ms, found 1 plugins.
Preloading 0 native plugins for Editor in 0.00 ms.
Invoked RoslynAnalysisRunner static constructor.
RoslynAnalysisRunner will not be running.
RoslynAnalysisRunner has terminated.
Mono: successfully reloaded assembly
- Completed reload, in  3.462 seconds
Platform modules already initialized, skipping
Shader 'Universal Render Pipeline/Particles/Lit': fallback shader 'Universal Render Pipeline/Particles/SimpleLit' not found
Refreshing native plugins compatible for Editor in 1.19 ms, found 1 plugins.
Preloading 0 native plugins for Editor in 0.00 ms.
Unloading 3029 Unused Serialized files (Serialized files now loaded: 0)
System memory in use before: 134.9 MB.
System memory in use after: 135.1 MB.

Unloading 10 unused Assets to reduce memory usage. Loaded Objects now: 3621.
Total: 4.488300 ms (FindLiveObjects: 0.776100 ms CreateObjectMapping: 0.193600 ms MarkObjects: 3.483300 ms  DeleteObjects: 0.033400 ms)

Received Prepare
Registering precompiled user dll's ...
Registered in 0.008192 seconds.
Begin MonoManager ReloadAssembly
Native extension for WindowsStandalone target not found
Refreshing native plugins compatible for Editor in 1.08 ms, found 1 plugins.
Preloading 0 native plugins for Editor in 0.00 ms.
Invoked RoslynAnalysisRunner static constructor.
RoslynAnalysisRunner will not be running.
RoslynAnalysisRunner has terminated.
Mono: successfully reloaded assembly
- Completed reload, in  4.113 seconds
Platform modules already initialized, skipping
Shader 'Universal Render Pipeline/Particles/Lit': fallback shader 'Universal Render Pipeline/Particles/SimpleLit' not found
Refreshing native plugins compatible for Editor in 1.31 ms, found 1 plugins.
Preloading 0 native plugins for Editor in 0.00 ms.
Unloading 3029 Unused Serialized files (Serialized files now loaded: 0)
System memory in use before: 134.9 MB.
System memory in use after: 135.2 MB.

Unloading 10 unused Assets to reduce memory usage. Loaded Objects now: 3624.
Total: 4.129900 ms (FindLiveObjects: 0.647300 ms CreateObjectMapping: 0.185500 ms MarkObjects: 3.265200 ms  DeleteObjects: 0.030400 ms)


Received Prepare
Registering precompiled user dll's ...
Registered in 0.005904 seconds.
Begin MonoManager ReloadAssembly
Native extension for WindowsStandalone target not found
Refreshing native plugins compatible for Editor in 2.52 ms, found 1 plugins.
Preloading 0 native plugins for Editor in 0.00 ms.
Invoked RoslynAnalysisRunner static constructor.
RoslynAnalysisRunner will not be running.
RoslynAnalysisRunner has terminated.
Mono: successfully reloaded assembly
- Completed reload, in  4.239 seconds
Platform modules already initialized, skipping
Shader 'Universal Render Pipeline/Particles/Lit': fallback shader 'Universal Render Pipeline/Particles/SimpleLit' not found
Refreshing native plugins compatible for Editor in 1.49 ms, found 1 plugins.
Preloading 0 native plugins for Editor in 0.00 ms.
Unloading 3029 Unused Serialized files (Serialized files now loaded: 0)
System memory in use before: 134.9 MB.
System memory in use after: 135.2 MB.

Unloading 10 unused Assets to reduce memory usage. Loaded Objects now: 3627.
Total: 6.467000 ms (FindLiveObjects: 1.105600 ms CreateObjectMapping: 0.388700 ms MarkObjects: 4.932000 ms  DeleteObjects: 0.036800 ms)

Received Prepare
Registering precompiled user dll's ...
Registered in 0.006101 seconds.
Begin MonoManager ReloadAssembly
Native extension for WindowsStandalone target not found
Refreshing native plugins compatible for Editor in 1.11 ms, found 1 plugins.
Preloading 0 native plugins for Editor in 0.00 ms.
Invoked RoslynAnalysisRunner static constructor.
RoslynAnalysisRunner will not be running.
RoslynAnalysisRunner has terminated.
Mono: successfully reloaded assembly
- Completed reload, in  4.140 seconds
Platform modules already initialized, skipping
Shader 'Universal Render Pipeline/Particles/Lit': fallback shader 'Universal Render Pipeline/Particles/SimpleLit' not found
Refreshing native plugins compatible for Editor in 1.09 ms, found 1 plugins.
Preloading 0 native plugins for Editor in 0.00 ms.
Unloading 3029 Unused Serialized files (Serialized files now loaded: 0)
System memory in use before: 134.9 MB.
System memory in use after: 135.2 MB.

Unloading 10 unused Assets to reduce memory usage. Loaded Objects now: 3630.
Total: 6.045600 ms (FindLiveObjects: 1.005800 ms CreateObjectMapping: 0.491000 ms MarkObjects: 4.518200 ms  DeleteObjects: 0.028400 ms)


Received Prepare
Registering precompiled user dll's ...
Registered in 0.007129 seconds.
Begin MonoManager ReloadAssembly
Native extension for WindowsStandalone target not found
Refreshing native plugins compatible for Editor in 1.56 ms, found 1 plugins.
Preloading 0 native plugins for Editor in 0.00 ms.
Invoked RoslynAnalysisRunner static constructor.
RoslynAnalysisRunner will not be running.
RoslynAnalysisRunner has terminated.
Mono: successfully reloaded assembly
- Completed reload, in  4.428 seconds
Platform modules already initialized, skipping
Shader 'Universal Render Pipeline/Particles/Lit': fallback shader 'Universal Render Pipeline/Particles/SimpleLit' not found
Refreshing native plugins compatible for Editor in 1.27 ms, found 1 plugins.
Preloading 0 native plugins for Editor in 0.00 ms.
Unloading 3029 Unused Serialized files (Serialized files now loaded: 0)
System memory in use before: 134.9 MB.
System memory in use after: 135.2 MB.


Unloading 9 unused Assets to reduce memory usage. Loaded Objects now: 3488.
Total: 4.227000 ms (FindLiveObjects: 0.589100 ms CreateObjectMapping: 0.179200 ms MarkObjects: 3.430600 ms  DeleteObjects: 0.026700 ms)

Received Import Request.
  Time since last request: 819.635724 seconds.
  path: ProjectSettings/TagManager.asset
  artifactKey: Guid(00000000000000003000000000000000) Importer(815301076,1909f56bfc062723c751e8b465ee728b)
Start importing ProjectSettings/TagManager.asset using Guid(00000000000000003000000000000000) Importer(815301076,1909f56bfc062723c751e8b465ee728b)  -> (artifact id: '47833a6bdcff235834673b3187720efd') in 0.052673 seconds
  Import took 0.073824 seconds .



Received Prepare
Registering precompiled user dll's ...
Registered in 0.012840 seconds.
Begin MonoManager ReloadAssembly
Native extension for WindowsStandalone target not found
Refreshing native plugins compatible for Editor in 3.36 ms, found 1 plugins.
Preloading 0 native plugins for Editor in 0.00 ms.
Invoked RoslynAnalysisRunner static constructor.
RoslynAnalysisRunner will not be running.
RoslynAnalysisRunner has terminated.
Mono: successfully reloaded assembly
- Completed reload, in  4.977 seconds
Platform modules already initialized, skipping
Shader 'Universal Render Pipeline/Particles/Lit': fallback shader 'Universal Render Pipeline/Particles/SimpleLit' not found
Refreshing native plugins compatible for Editor in 1.15 ms, found 1 plugins.
Preloading 0 native plugins for Editor in 0.00 ms.
Unloading 3029 Unused Serialized files (Serialized files now loaded: 0)
System memory in use before: 135.0 MB.
System memory in use after: 135.2 MB.

Unloading 10 unused Assets to reduce memory usage. Loaded Objects now: 3636.
Total: 6.359200 ms (FindLiveObjects: 0.747700 ms CreateObjectMapping: 0.281100 ms MarkObjects: 5.277000 ms  DeleteObjects: 0.051600 ms)

Received Prepare
Registering precompiled user dll's ...
Registered in 0.009664 seconds.
Begin MonoManager ReloadAssembly
Native extension for WindowsStandalone target not found
Refreshing native plugins compatible for Editor in 1.26 ms, found 1 plugins.
Preloading 0 native plugins for Editor in 0.00 ms.
Invoked RoslynAnalysisRunner static constructor.
RoslynAnalysisRunner will not be running.
RoslynAnalysisRunner has terminated.
Mono: successfully reloaded assembly
- Completed reload, in  4.425 seconds
Platform modules already initialized, skipping
Shader 'Universal Render Pipeline/Particles/Lit': fallback shader 'Universal Render Pipeline/Particles/SimpleLit' not found
Refreshing native plugins compatible for Editor in 1.30 ms, found 1 plugins.
Preloading 0 native plugins for Editor in 0.00 ms.
Unloading 3029 Unused Serialized files (Serialized files now loaded: 0)
System memory in use before: 135.0 MB.
System memory in use after: 135.2 MB.

Unloading 10 unused Assets to reduce memory usage. Loaded Objects now: 3639.
Total: 4.616700 ms (FindLiveObjects: 0.741000 ms CreateObjectMapping: 0.205200 ms MarkObjects: 3.630600 ms  DeleteObjects: 0.038200 ms)

Received Prepare
Registering precompiled user dll's ...
Registered in 0.005554 seconds.
Begin MonoManager ReloadAssembly
Native extension for WindowsStandalone target not found
Refreshing native plugins compatible for Editor in 1.33 ms, found 1 plugins.
Preloading 0 native plugins for Editor in 0.00 ms.
Invoked RoslynAnalysisRunner static constructor.
RoslynAnalysisRunner will not be running.
RoslynAnalysisRunner has terminated.
Mono: successfully reloaded assembly
- Completed reload, in  3.466 seconds
Platform modules already initialized, skipping
Shader 'Universal Render Pipeline/Particles/Lit': fallback shader 'Universal Render Pipeline/Particles/SimpleLit' not found
Refreshing native plugins compatible for Editor in 1.55 ms, found 1 plugins.
Preloading 0 native plugins for Editor in 0.00 ms.
Unloading 3029 Unused Serialized files (Serialized files now loaded: 0)
System memory in use before: 135.0 MB.
System memory in use after: 135.2 MB.

Unloading 10 unused Assets to reduce memory usage. Loaded Objects now: 3642.
Total: 4.094900 ms (FindLiveObjects: 0.687400 ms CreateObjectMapping: 0.221400 ms MarkObjects: 3.156700 ms  DeleteObjects: 0.027800 ms)

Received Prepare
Registering precompiled user dll's ...
Registered in 0.005266 seconds.
Begin MonoManager ReloadAssembly
Native extension for WindowsStandalone target not found
Refreshing native plugins compatible for Editor in 1.18 ms, found 1 plugins.
Preloading 0 native plugins for Editor in 0.00 ms.
Invoked RoslynAnalysisRunner static constructor.
RoslynAnalysisRunner will not be running.
RoslynAnalysisRunner has terminated.
Mono: successfully reloaded assembly
- Completed reload, in  3.370 seconds
Platform modules already initialized, skipping
Shader 'Universal Render Pipeline/Particles/Lit': fallback shader 'Universal Render Pipeline/Particles/SimpleLit' not found
Refreshing native plugins compatible for Editor in 1.04 ms, found 1 plugins.
Preloading 0 native plugins for Editor in 0.00 ms.
Unloading 3029 Unused Serialized files (Serialized files now loaded: 0)
System memory in use before: 135.0 MB.
System memory in use after: 135.2 MB.


Unloading 9 unused Assets to reduce memory usage. Loaded Objects now: 3500.
Total: 4.733900 ms (FindLiveObjects: 0.687100 ms CreateObjectMapping: 0.210400 ms MarkObjects: 3.784200 ms  DeleteObjects: 0.049600 ms)

Received Import Request.
  Time since last request: 262.838057 seconds.
  path: Assets/Scripts/Interactables/Endless Corridor/WallMonsterScript.cs
  artifactKey: Guid(e5067a744e8ff304da88c1fdec6da492) Importer(815301076,1909f56bfc062723c751e8b465ee728b)
Start importing Assets/Scripts/Interactables/Endless Corridor/WallMonsterScript.cs using Guid(e5067a744e8ff304da88c1fdec6da492) Importer(815301076,1909f56bfc062723c751e8b465ee728b)  -> (artifact id: '8921033756a2f4c2d70a160f834a233a') in 0.012129 seconds
  Import took 0.033561 seconds .


Received Prepare
Registering precompiled user dll's ...
Registered in 0.005237 seconds.
Begin MonoManager ReloadAssembly
Native extension for WindowsStandalone target not found
Refreshing native plugins compatible for Editor in 0.98 ms, found 1 plugins.
Preloading 0 native plugins for Editor in 0.00 ms.
Invoked RoslynAnalysisRunner static constructor.
RoslynAnalysisRunner will not be running.
RoslynAnalysisRunner has terminated.
Mono: successfully reloaded assembly
- Completed reload, in  2.817 seconds
Platform modules already initialized, skipping
Shader 'Universal Render Pipeline/Particles/Lit': fallback shader 'Universal Render Pipeline/Particles/SimpleLit' not found
Refreshing native plugins compatible for Editor in 1.18 ms, found 1 plugins.
Preloading 0 native plugins for Editor in 0.00 ms.
Unloading 3029 Unused Serialized files (Serialized files now loaded: 0)
System memory in use before: 135.0 MB.
System memory in use after: 135.2 MB.


Unloading 9 unused Assets to reduce memory usage. Loaded Objects now: 3503.
Total: 3.863900 ms (FindLiveObjects: 0.648300 ms CreateObjectMapping: 0.187800 ms MarkObjects: 2.988600 ms  DeleteObjects: 0.037400 ms)

Received Import Request.
  Time since last request: 158.761791 seconds.
  path: Assets/Scripts/Interactables/Endless Corridor/RoomManager.cs
  artifactKey: Guid(d2a6e030bf03d514e8f519ae9640d8c5) Importer(815301076,1909f56bfc062723c751e8b465ee728b)
Start importing Assets/Scripts/Interactables/Endless Corridor/RoomManager.cs using Guid(d2a6e030bf03d514e8f519ae9640d8c5) Importer(815301076,1909f56bfc062723c751e8b465ee728b)  -> (artifact id: '13ae22e119763e0bdd8c7f743e10051d') in 0.018471 seconds
  Import took 0.044515 seconds .

Received Prepare
Registering precompiled user dll's ...
Registered in 0.005326 seconds.
Begin MonoManager ReloadAssembly
Native extension for WindowsStandalone target not found
Refreshing native plugins compatible for Editor in 1.02 ms, found 1 plugins.
Preloading 0 native plugins for Editor in 0.00 ms.

Unloading 2879 Unused Serialized files (Serialized files now loaded: 0)
System memory in use before: 126.8 MB.
System memory in use after: 127.1 MB.

Unloading 9 unused Assets to reduce memory usage. Loaded Objects now: 3507.
Total: 5.333600 ms (FindLiveObjects: 0.785400 ms CreateObjectMapping: 0.235500 ms MarkObjects: 4.172800 ms  DeleteObjects: 0.137700 ms)


Received Prepare
Registering precompiled user dll's ...
Registered in 0.003836 seconds.
Begin MonoManager ReloadAssembly
Native extension for WindowsStandalone target not found
Refreshing native plugins compatible for Editor in 0.94 ms, found 1 plugins.
Preloading 0 native plugins for Editor in 0.00 ms.
Invoked RoslynAnalysisRunner static constructor.
RoslynAnalysisRunner will not be running.
RoslynAnalysisRunner has terminated.
Mono: successfully reloaded assembly
- Completed reload, in  2.978 seconds
Platform modules already initialized, skipping
Shader 'Universal Render Pipeline/Particles/Lit': fallback shader 'Universal Render Pipeline/Particles/SimpleLit' not found
Refreshing native plugins compatible for Editor in 1.34 ms, found 1 plugins.
Preloading 0 native plugins for Editor in 0.00 ms.
Unloading 3029 Unused Serialized files (Serialized files now loaded: 0)
System memory in use before: 135.0 MB.
System memory in use after: 135.2 MB.

Unloading 10 unused Assets to reduce memory usage. Loaded Objects now: 3651.
Total: 4.838000 ms (FindLiveObjects: 0.721400 ms CreateObjectMapping: 0.191500 ms MarkObjects: 3.891100 ms  DeleteObjects: 0.032300 ms)


Received Prepare
Registering precompiled user dll's ...
Registered in 0.005215 seconds.
Begin MonoManager ReloadAssembly
Native extension for WindowsStandalone target not found
Refreshing native plugins compatible for Editor in 1.03 ms, found 1 plugins.
Preloading 0 native plugins for Editor in 0.00 ms.
Invoked RoslynAnalysisRunner static constructor.
RoslynAnalysisRunner will not be running.
RoslynAnalysisRunner has terminated.
Mono: successfully reloaded assembly
- Completed reload, in  2.943 seconds
Platform modules already initialized, skipping
Shader 'Universal Render Pipeline/Particles/Lit': fallback shader 'Universal Render Pipeline/Particles/SimpleLit' not found
Refreshing native plugins compatible for Editor in 1.12 ms, found 1 plugins.
Preloading 0 native plugins for Editor in 0.00 ms.
Unloading 3029 Unused Serialized files (Serialized files now loaded: 0)
System memory in use before: 135.0 MB.
System memory in use after: 135.2 MB.

Unloading 10 unused Assets to reduce memory usage. Loaded Objects now: 3654.
Total: 4.990200 ms (FindLiveObjects: 0.786200 ms CreateObjectMapping: 0.267600 ms MarkObjects: 3.907400 ms  DeleteObjects: 0.027000 ms)


Received Prepare
Registering precompiled user dll's ...
Registered in 0.005136 seconds.
Begin MonoManager ReloadAssembly
Native extension for WindowsStandalone target not found
Refreshing native plugins compatible for Editor in 1.00 ms, found 1 plugins.
Preloading 0 native plugins for Editor in 0.00 ms.
Invoked RoslynAnalysisRunner static constructor.
RoslynAnalysisRunner will not be running.
RoslynAnalysisRunner has terminated.
Mono: successfully reloaded assembly
- Completed reload, in  2.855 seconds
Platform modules already initialized, skipping
Shader 'Universal Render Pipeline/Particles/Lit': fallback shader 'Universal Render Pipeline/Particles/SimpleLit' not found
Refreshing native plugins compatible for Editor in 1.05 ms, found 1 plugins.
Preloading 0 native plugins for Editor in 0.00 ms.
Unloading 3029 Unused Serialized files (Serialized files now loaded: 0)
System memory in use before: 135.0 MB.
System memory in use after: 135.2 MB.

Unloading 9 unused Assets to reduce memory usage. Loaded Objects now: 3516.
Total: 4.250900 ms (FindLiveObjects: 0.597100 ms CreateObjectMapping: 0.189700 ms MarkObjects: 3.268200 ms  DeleteObjects: 0.194400 ms)

Shader 'Universal Render Pipeline/Particles/Lit': fallback shader 'Universal Render Pipeline/Particles/SimpleLit' not found
Launched and connected shader compiler UnityShaderCompiler.exe after 0.03 seconds
Refreshing native plugins compatible for Editor in 0.47 ms, found 1 plugins.
Preloading 0 native plugins for Editor in 0.00 ms.
Unloading 3058 Unused Serialized files (Serialized files now loaded: 0)
System memory in use before: 133.9 MB.
System memory in use after: 132.0 MB.

Unloading 53 unused Assets to reduce memory usage. Loaded Objects now: 3473.
Total: 3.236600 ms (FindLiveObjects: 0.280000 ms CreateObjectMapping: 0.157600 ms MarkObjects: 1.755500 ms  DeleteObjects: 1.042400 ms)


Received Import Request.
  path: Assets/Images/Detetive/Detetive2.psb
  artifactKey: Guid(5612c699e7bd2bd48a26aefe8c1b16f1) Importer(815301076,1909f56bfc062723c751e8b465ee728b)
Start importing Assets/Images/Detetive/Detetive2.psb using Guid(5612c699e7bd2bd48a26aefe8c1b16f1) Importer(815301076,1909f56bfc062723c751e8b465ee728b)  -> (artifact id: '0b169a7cdbbc200523b2c923d4942896') in 0.319296 seconds
  Import took 0.323822 seconds .


Received Import Request.
  Time since last request: 0.000271 seconds.
  path: Assets/Materials/emissiveBullet.mat
  artifactKey: Guid(7b4e30d9e2d60a1468a9ffaa787a91bb) Importer(815301076,1909f56bfc062723c751e8b465ee728b)
Start importing Assets/Materials/emissiveBullet.mat using Guid(7b4e30d9e2d60a1468a9ffaa787a91bb) Importer(815301076,1909f56bfc062723c751e8b465ee728b)  -> (artifact id: 'da78d38f417392d022561ad0f581d72a') in 0.146284 seconds
  Import took 0.159785 seconds .

Received Import Request.
  Time since last request: 84.415496 seconds.
  path: Assets/Images/Detetive/Detetive2.psb
  artifactKey: Guid(5612c699e7bd2bd48a26aefe8c1b16f1) Importer(815301076,1909f56bfc062723c751e8b465ee728b)
Start importing Assets/Images/Detetive/Detetive2.psb using Guid(5612c699e7bd2bd48a26aefe8c1b16f1) Importer(815301076,1909f56bfc062723c751e8b465ee728b)  -> (artifact id: 'cd13684f8399f37834fe726bc1c90b2d') in 0.087186 seconds
  Import took 0.185008 seconds .

Received Import Request.
  Time since last request: 621.965223 seconds.
  path: Assets/Images/Detetive/Detetive2.psb
  artifactKey: Guid(5612c699e7bd2bd48a26aefe8c1b16f1) Importer(815301076,1909f56bfc062723c751e8b465ee728b)
Start importing Assets/Images/Detetive/Detetive2.psb using Guid(5612c699e7bd2bd48a26aefe8c1b16f1) Importer(815301076,1909f56bfc062723c751e8b465ee728b)  -> (artifact id: '2e4dd71efc9afe7e52a44553e8230bed') in 0.114008 seconds
  Import took 0.136876 seconds .


Received Import Request.
  Time since last request: 5058.753416 seconds.
  path: Assets/Animations/Detetive/DetetiveSprites.controller
  artifactKey: Guid(8c9093e8107586d4298b53a2da30772f) Importer(815301076,1909f56bfc062723c751e8b465ee728b)
Start importing Assets/Animations/Detetive/DetetiveSprites.controller using Guid(8c9093e8107586d4298b53a2da30772f) Importer(815301076,1909f56bfc062723c751e8b465ee728b)  -> (artifact id: '2d4f3175e852dfc6ab250f8bf4eed8f7') in 0.041589 seconds
  Import took 0.115941 seconds .


Received Import Request.
  Time since last request: 691.221750 seconds.
  path: Assets/Animations/Detetive/D_Jump.anim
  artifactKey: Guid(ad9d4bbe35f37f248994c9a3d2215dc4) Importer(815301076,1909f56bfc062723c751e8b465ee728b)
Start importing Assets/Animations/Detetive/D_Jump.anim using Guid(ad9d4bbe35f37f248994c9a3d2215dc4) Importer(815301076,1909f56bfc062723c751e8b465ee728b)  -> (artifact id: '6136c8bce0dcc5aecde7943799d0cf23') in 0.004664 seconds
  Import took 0.009603 seconds .


Received Import Request.
  Time since last request: 0.032170 seconds.
  path: Assets/Animations/Detetive/D_Jump.anim
  artifactKey: Guid(ad9d4bbe35f37f248994c9a3d2215dc4) Importer(815301076,1909f56bfc062723c751e8b465ee728b)
Start importing Assets/Animations/Detetive/D_Jump.anim using Guid(ad9d4bbe35f37f248994c9a3d2215dc4) Importer(815301076,1909f56bfc062723c751e8b465ee728b)  -> (artifact id: '6136c8bce0dcc5aecde7943799d0cf23') in 0.002187 seconds
  Import took 0.006934 seconds .


Received Import Request.
  Time since last request: 1046.768866 seconds.
  path: Assets/Animations/Detetive/D_Walk.anim
  artifactKey: Guid(b462e2959f72d864b9c1534d974b5416) Importer(815301076,1909f56bfc062723c751e8b465ee728b)
Start importing Assets/Animations/Detetive/D_Walk.anim using Guid(b462e2959f72d864b9c1534d974b5416) Importer(815301076,1909f56bfc062723c751e8b465ee728b)  -> (artifact id: 'e3bf16c6a02eb69d5905680e186f4174') in 0.004846 seconds
  Import took 0.010062 seconds .

Received Import Request.
  Time since last request: 0.002472 seconds.
  path: Assets/Animations/Detetive/D_Walk.anim
  artifactKey: Guid(b462e2959f72d864b9c1534d974b5416) Importer(815301076,1909f56bfc062723c751e8b465ee728b)
Start importing Assets/Animations/Detetive/D_Walk.anim using Guid(b462e2959f72d864b9c1534d974b5416) Importer(815301076,1909f56bfc062723c751e8b465ee728b)  -> (artifact id: 'e3bf16c6a02eb69d5905680e186f4174') in 0.004279 seconds
  Import took 0.008737 seconds .


Received Import Request.
  Time since last request: 2.267003 seconds.
  path: Assets/Animations/Detetive/D_Peak.anim
  artifactKey: Guid(33651f2738895c14db4cc3be535a3c46) Importer(815301076,1909f56bfc062723c751e8b465ee728b)
Start importing Assets/Animations/Detetive/D_Peak.anim using Guid(33651f2738895c14db4cc3be535a3c46) Importer(815301076,1909f56bfc062723c751e8b465ee728b)  -> (artifact id: '17ca80d3d3e4157216b860edeaac308c') in 0.002178 seconds
  Import took 0.006492 seconds .


Received Import Request.
  Time since last request: 3.200558 seconds.
  path: Assets/Animations/Detetive/D_Idle.anim
  artifactKey: Guid(66e3dea45e75eab41a25637c24cae4bc) Importer(815301076,1909f56bfc062723c751e8b465ee728b)
Start importing Assets/Animations/Detetive/D_Idle.anim using Guid(66e3dea45e75eab41a25637c24cae4bc) Importer(815301076,1909f56bfc062723c751e8b465ee728b)  -> (artifact id: 'f046aecf3964864d7c87b3873ae0ef8c') in 0.018470 seconds
  Import took 0.027571 seconds .


Received Import Request.
  Time since last request: 0.001824 seconds.
  path: Assets/Animations/Detetive/D_Idle.anim
  artifactKey: Guid(66e3dea45e75eab41a25637c24cae4bc) Importer(815301076,1909f56bfc062723c751e8b465ee728b)
Start importing Assets/Animations/Detetive/D_Idle.anim using Guid(66e3dea45e75eab41a25637c24cae4bc) Importer(815301076,1909f56bfc062723c751e8b465ee728b)  -> (artifact id: 'f046aecf3964864d7c87b3873ae0ef8c') in 0.002304 seconds
  Import took 0.013902 seconds .


Received Import Request.
  Time since last request: 1.737148 seconds.
  path: Assets/Animations/Detetive/D_Fall.anim
  artifactKey: Guid(7554419f255a52443b995d4d333a1b8d) Importer(815301076,1909f56bfc062723c751e8b465ee728b)
Start importing Assets/Animations/Detetive/D_Fall.anim using Guid(7554419f255a52443b995d4d333a1b8d) Importer(815301076,1909f56bfc062723c751e8b465ee728b)  -> (artifact id: '462ca5478359d84bbf5432c22df097a1') in 0.002200 seconds
  Import took 0.007742 seconds .


Received Prepare
Registering precompiled user dll's ...

Registered in 0.002520 seconds.

Begin MonoManager ReloadAssembly
Native extension for LinuxStandalone target not found
Native extension for WindowsStandalone target not found
Native extension for WebGL target not found
Refreshing native plugins compatible for Editor in 0.50 ms, found 1 plugins.
Preloading 0 native plugins for Editor in 0.00 ms.
Invoked RoslynAnalysisRunner static constructor.
RoslynAnalysisRunner will not be running.
RoslynAnalysisRunner has terminated.
Mono: successfully reloaded assembly

Received Prepare
Registering precompiled user dll's ...
Registered in 0.005462 seconds.
Begin MonoManager ReloadAssembly
Native extension for WindowsStandalone target not found
Refreshing native plugins compatible for Editor in 1.00 ms, found 1 plugins.
Preloading 0 native plugins for Editor in 0.00 ms.
Invoked RoslynAnalysisRunner static constructor.
RoslynAnalysisRunner will not be running.
RoslynAnalysisRunner has terminated.
Mono: successfully reloaded assembly
- Completed reload, in  2.833 seconds
Platform modules already initialized, skipping
Shader 'Universal Render Pipeline/Particles/Lit': fallback shader 'Universal Render Pipeline/Particles/SimpleLit' not found
Refreshing native plugins compatible for Editor in 1.09 ms, found 1 plugins.
Preloading 0 native plugins for Editor in 0.00 ms.
Unloading 3029 Unused Serialized files (Serialized files now loaded: 0)
System memory in use before: 135.0 MB.
System memory in use after: 135.3 MB.

Unloading 10 unused Assets to reduce memory usage. Loaded Objects now: 3663.
Total: 4.592300 ms (FindLiveObjects: 0.649100 ms CreateObjectMapping: 0.186100 ms MarkObjects: 3.723000 ms  DeleteObjects: 0.032500 ms)

- Completed reload, in  1.678 seconds
Platform modules already initialized, skipping
Shader 'Universal Render Pipeline/Particles/Lit': fallback shader 'Universal Render Pipeline/Particles/SimpleLit' not found
Shader 'Universal Render Pipeline/Particles/Lit': fallback shader 'Universal Render Pipeline/Particles/SimpleLit' not found
Refreshing native plugins compatible for Editor in 0.58 ms, found 1 plugins.
Preloading 0 native plugins for Editor in 0.00 ms.
Unloading 2962 Unused Serialized files (Serialized files now loaded: 0)
System memory in use before: 134.8 MB.
System memory in use after: 132.9 MB.

Unloading 41 unused Assets to reduce memory usage. Loaded Objects now: 3580.
Total: 4.133400 ms (FindLiveObjects: 0.273500 ms CreateObjectMapping: 0.152500 ms MarkObjects: 2.332800 ms  DeleteObjects: 1.373200 ms)



Received Prepare
Registering precompiled user dll's ...


Registered in 0.001721 seconds.

Begin MonoManager ReloadAssembly
Native extension for LinuxStandalone target not found
Native extension for WindowsStandalone target not found

Native extension for WebGL target not found
Refreshing native plugins compatible for Editor in 0.52 ms, found 1 plugins.


Preloading 0 native plugins for Editor in 0.00 ms.
Invoked RoslynAnalysisRunner static constructor.
RoslynAnalysisRunner will not be running.
RoslynAnalysisRunner has terminated.
Mono: successfully reloaded assembly




Received Prepare
Registering precompiled user dll's ...
Registered in 0.005388 seconds.
Begin MonoManager ReloadAssembly
Native extension for WindowsStandalone target not found
Refreshing native plugins compatible for Editor in 1.03 ms, found 1 plugins.
Preloading 0 native plugins for Editor in 0.00 ms.
Invoked RoslynAnalysisRunner static constructor.
RoslynAnalysisRunner will not be running.
RoslynAnalysisRunner has terminated.
Mono: successfully reloaded assembly
- Completed reload, in  3.132 seconds
Platform modules already initialized, skipping
Shader 'Universal Render Pipeline/Particles/Lit': fallback shader 'Universal Render Pipeline/Particles/SimpleLit' not found
Refreshing native plugins compatible for Editor in 1.20 ms, found 1 plugins.
Preloading 0 native plugins for Editor in 0.00 ms.
Unloading 3029 Unused Serialized files (Serialized files now loaded: 0)
System memory in use before: 135.0 MB.
System memory in use after: 135.3 MB.

Unloading 10 unused Assets to reduce memory usage. Loaded Objects now: 3669.
Total: 4.532300 ms (FindLiveObjects: 0.812000 ms CreateObjectMapping: 0.203100 ms MarkObjects: 3.482600 ms  DeleteObjects: 0.026300 ms)


Received Import Request.
  Time since last request: 1902.818456 seconds.
  path: Assets/TextMesh Pro/Resources/Fonts & Materials/LiberationSans SDF - Drop Shadow.mat
  artifactKey: Guid(e73a58f6e2794ae7b1b7e50b7fb811b0) Importer(815301076,1909f56bfc062723c751e8b465ee728b)
Start importing Assets/TextMesh Pro/Resources/Fonts & Materials/LiberationSans SDF - Drop Shadow.mat using Guid(e73a58f6e2794ae7b1b7e50b7fb811b0) Importer(815301076,1909f56bfc062723c751e8b465ee728b)  -> (artifact id: 'b10f047b511700892756f6fae56cc52d') in 1.547573 seconds
  Import took 1.556804 seconds .


Received Import Request.
  Time since last request: 0.000436 seconds.
  path: Assets/TextMesh Pro/Resources/Fonts & Materials/LiberationSans SDF - Outline.mat
  artifactKey: Guid(79459efec17a4d00a321bdcc27bbc385) Importer(815301076,1909f56bfc062723c751e8b465ee728b)
Start importing Assets/TextMesh Pro/Resources/Fonts & Materials/LiberationSans SDF - Outline.mat using Guid(79459efec17a4d00a321bdcc27bbc385) Importer(815301076,1909f56bfc062723c751e8b465ee728b)  -> (artifact id: '1bc4c0c0eb0a12857f12b73be39ab922') in 0.076247 seconds
  Import took 0.100020 seconds .


Received Import Request.
  Time since last request: 0.000581 seconds.
  path: Assets/TextMesh Pro/Resources/Fonts & Materials/LiberationSans SDF - Drop Shadow.mat
  artifactKey: Guid(e73a58f6e2794ae7b1b7e50b7fb811b0) Importer(815301076,1909f56bfc062723c751e8b465ee728b)
Start importing Assets/TextMesh Pro/Resources/Fonts & Materials/LiberationSans SDF - Drop Shadow.mat using Guid(e73a58f6e2794ae7b1b7e50b7fb811b0) Importer(815301076,1909f56bfc062723c751e8b465ee728b)  -> (artifact id: 'b10f047b511700892756f6fae56cc52d') in 0.050571 seconds
  Import took 0.059786 seconds .

- Completed reload, in  1.568 seconds
Platform modules already initialized, skipping
Shader 'Universal Render Pipeline/Particles/Lit': fallback shader 'Universal Render Pipeline/Particles/SimpleLit' not found
Shader 'Universal Render Pipeline/Particles/Lit': fallback shader 'Universal Render Pipeline/Particles/SimpleLit' not found
Refreshing native plugins compatible for Editor in 0.71 ms, found 1 plugins.
Preloading 0 native plugins for Editor in 0.00 ms.
Unloading 2962 Unused Serialized files (Serialized files now loaded: 0)
System memory in use before: 135.8 MB.
System memory in use after: 133.9 MB.

Unloading 41 unused Assets to reduce memory usage. Loaded Objects now: 3583.
Total: 4.250800 ms (FindLiveObjects: 0.529600 ms CreateObjectMapping: 0.272500 ms MarkObjects: 2.274500 ms  DeleteObjects: 1.172100 ms)

Received Prepare
Registering precompiled user dll's ...

Registered in 0.001576 seconds.
Begin MonoManager ReloadAssembly
Native extension for LinuxStandalone target not found
Native extension for WindowsStandalone target not found
Native extension for WebGL target not found
Refreshing native plugins compatible for Editor in 0.47 ms, found 1 plugins.

Preloading 0 native plugins for Editor in 0.00 ms.
Invoked RoslynAnalysisRunner static constructor.
RoslynAnalysisRunner will not be running.
RoslynAnalysisRunner has terminated.
Mono: successfully reloaded assembly


Received Prepare
Registering precompiled user dll's ...
Registered in 0.005180 seconds.
Begin MonoManager ReloadAssembly
Native extension for WindowsStandalone target not found
Refreshing native plugins compatible for Editor in 0.98 ms, found 1 plugins.
Preloading 0 native plugins for Editor in 0.00 ms.
Invoked RoslynAnalysisRunner static constructor.
RoslynAnalysisRunner will not be running.
RoslynAnalysisRunner has terminated.
Mono: successfully reloaded assembly
- Completed reload, in  2.976 seconds
Platform modules already initialized, skipping
Shader 'Universal Render Pipeline/Particles/Lit': fallback shader 'Universal Render Pipeline/Particles/SimpleLit' not found
Refreshing native plugins compatible for Editor in 0.96 ms, found 1 plugins.
Preloading 0 native plugins for Editor in 0.00 ms.
Unloading 2879 Unused Serialized files (Serialized files now loaded: 0)
System memory in use before: 126.9 MB.
System memory in use after: 127.1 MB.



Received Import Request.
  Time since last request: 526.801392 seconds.
  path: Assets/Scripts/Room Elements/Library/NoteText.cs
  artifactKey: Guid(41fa8febcf2170642909d8b6b2717d60) Importer(815301076,1909f56bfc062723c751e8b465ee728b)
Start importing Assets/Scripts/Room Elements/Library/NoteText.cs using Guid(41fa8febcf2170642909d8b6b2717d60) Importer(815301076,1909f56bfc062723c751e8b465ee728b)  -> (artifact id: '83a9db02764777af3125be789c8d3266') in 0.012158 seconds
  Import took 0.089782 seconds .

- Completed reload, in  1.429 seconds
Platform modules already initialized, skipping
Shader 'Universal Render Pipeline/Particles/Lit': fallback shader 'Universal Render Pipeline/Particles/SimpleLit' not found
Shader 'Universal Render Pipeline/Particles/Lit': fallback shader 'Universal Render Pipeline/Particles/SimpleLit' not found
Refreshing native plugins compatible for Editor in 0.49 ms, found 1 plugins.
Preloading 0 native plugins for Editor in 0.00 ms.
Unloading 2962 Unused Serialized files (Serialized files now loaded: 0)
System memory in use before: 135.9 MB.
System memory in use after: 134.0 MB.

Unloading 41 unused Assets to reduce memory usage. Loaded Objects now: 3586.
Total: 3.503700 ms (FindLiveObjects: 0.285500 ms CreateObjectMapping: 0.148400 ms MarkObjects: 1.946600 ms  DeleteObjects: 1.121900 ms)



Received Prepare
Registering precompiled user dll's ...



Registered in 0.001794 seconds.

Begin MonoManager ReloadAssembly
Native extension for LinuxStandalone target not found
Native extension for WindowsStandalone target not found

Native extension for WebGL target not found
Refreshing native plugins compatible for Editor in 0.50 ms, found 1 plugins.


Preloading 0 native plugins for Editor in 0.00 ms.
Invoked RoslynAnalysisRunner static constructor.
RoslynAnalysisRunner will not be running.
RoslynAnalysisRunner has terminated.
Mono: successfully reloaded assembly



Received Prepare
Registering precompiled user dll's ...
Registered in 0.005323 seconds.
Begin MonoManager ReloadAssembly
Native extension for WindowsStandalone target not found
Refreshing native plugins compatible for Editor in 1.23 ms, found 1 plugins.
Preloading 0 native plugins for Editor in 0.00 ms.
Invoked RoslynAnalysisRunner static constructor.
RoslynAnalysisRunner will not be running.
RoslynAnalysisRunner has terminated.
Mono: successfully reloaded assembly
- Completed reload, in  2.990 seconds
Platform modules already initialized, skipping
Shader 'Universal Render Pipeline/Particles/Lit': fallback shader 'Universal Render Pipeline/Particles/SimpleLit' not found
Refreshing native plugins compatible for Editor in 1.19 ms, found 1 plugins.
Preloading 0 native plugins for Editor in 0.00 ms.
Unloading 3030 Unused Serialized files (Serialized files now loaded: 0)
System memory in use before: 140.4 MB.
System memory in use after: 140.6 MB.

Unloading 10 unused Assets to reduce memory usage. Loaded Objects now: 3754.
Total: 4.108100 ms (FindLiveObjects: 0.693500 ms CreateObjectMapping: 0.191200 ms MarkObjects: 3.172600 ms  DeleteObjects: 0.049500 ms)


- Completed reload, in  1.487 seconds
Platform modules already initialized, skipping
Shader 'Universal Render Pipeline/Particles/Lit': fallback shader 'Universal Render Pipeline/Particles/SimpleLit' not found
Shader 'Universal Render Pipeline/Particles/Lit': fallback shader 'Universal Render Pipeline/Particles/SimpleLit' not found
Refreshing native plugins compatible for Editor in 0.55 ms, found 1 plugins.
Preloading 0 native plugins for Editor in 0.00 ms.
Unloading 2962 Unused Serialized files (Serialized files now loaded: 0)
System memory in use before: 135.8 MB.
System memory in use after: 133.9 MB.

Unloading 41 unused Assets to reduce memory usage. Loaded Objects now: 3589.
Total: 5.506400 ms (FindLiveObjects: 0.424500 ms CreateObjectMapping: 0.212800 ms MarkObjects: 3.196300 ms  DeleteObjects: 1.670900 ms)

AssetImportWorkerClient::OnTransportError - code=2 error=End of file
